2024-04-24 15:09:46,962  WARN [main] WelcomeController:15 - this is the warning messageeee
 2024-04-24 15:09:46,965 DEBUG [main] WelcomeController:16 - debud was found...!!!
 2024-04-24 15:14:24,243  WARN [main] WelcomeController:15 - this is the warning messageeee
 2024-04-24 15:14:24,246 DEBUG [main] WelcomeController:16 - debud was found...!!!
 <!DOCTYPE HTML PUBLIC "-//W3C//DTD HTML 4.01 Transitional//EN" "http://www.w3.org/TR/html4/loose.dtd">
<html>
<head>
<title>Log4J Log Messages</title>
<style type="text/css">
<!--
body, table {font-family: arial,sans-serif; font-size: x-small;}
th {background: #336699; color: #FFFFFF; text-align: left;}
-->
</style>
</head>
<body bgcolor="#FFFFFF" topmargin="6" leftmargin="6">
<hr size="1" noshade>
Log session start time Wed Apr 24 15:20:57 IST 2024<br>
<br>
<table cellspacing="0" cellpadding="4" border="1" bordercolor="#224466" width="100%">
<tr>
<th>Time</th>
<th>Thread</th>
<th>Level</th>
<th>Category</th>
<th>Message</th>
</tr>

<tr>
<td>0</td>
<td title="main thread">main</td>
<td title="Level"><font color="#993300"><strong>WARN</strong></font></td>
<td title="com.jdbc.controller.WelcomeController category">com.jdbc.controller.WelcomeController</td>
<td title="Message">this is the warning messageeee</td>
</tr>

<tr>
<td>5</td>
<td title="main thread">main</td>
<td title="Level"><font color="#339933">DEBUG</font></td>
<td title="com.jdbc.controller.WelcomeController category">com.jdbc.controller.WelcomeController</td>
<td title="Message">debud was found...!!!</td>
</tr>
<!DOCTYPE HTML PUBLIC "-//W3C//DTD HTML 4.01 Transitional//EN" "http://www.w3.org/TR/html4/loose.dtd">
<html>
<head>
<title>Log4J Log Messages</title>
<style type="text/css">
<!--
body, table {font-family: arial,sans-serif; font-size: x-small;}
th {background: #336699; color: #FFFFFF; text-align: left;}
-->
</style>
</head>
<body bgcolor="#FFFFFF" topmargin="6" leftmargin="6">
<hr size="1" noshade>
Log session start time Wed Apr 24 15:21:38 IST 2024<br>
<br>
<table cellspacing="0" cellpadding="4" border="1" bordercolor="#224466" width="100%">
<tr>
<th>Time</th>
<th>Thread</th>
<th>Level</th>
<th>Category</th>
<th>Message</th>
</tr>

<tr>
<td>0</td>
<td title="main thread">main</td>
<td title="Level"><font color="#993300"><strong>WARN</strong></font></td>
<td title="com.jdbc.controller.WelcomeController category">com.jdbc.controller.WelcomeController</td>
<td title="Message">this is the warning messageeee</td>
</tr>

<tr>
<td>1</td>
<td title="main thread">main</td>
<td title="Level"><font color="#339933">DEBUG</font></td>
<td title="com.jdbc.controller.WelcomeController category">com.jdbc.controller.WelcomeController</td>
<td title="Message">debud was found...!!!</td>
</tr>
2024-04-24 16:52:31,438  WARN [main] WelcomeController:15 - this is the warning messageeee
 2024-04-24 16:52:31,440 DEBUG [main] WelcomeController:16 - debud was found...!!!
 